<testsuite name="Mocha Tests" tests="2" failures="0" errors="0" skipped="0" timestamp="Wed, 10 Feb 2016 16:02:54 GMT" time="0.004">
<testcase classname="Test" name="return 0" time="0.001"/>
<testcase classname="Test" name="return 10" time="0"/>
</testsuite>
